[2025-08-21 03:35:53] User: 1 - Page: /cursosj/ - IP: ::1
[2025-08-21 03:35:53] User: 1 - Page: /cursosj/inicio - IP: ::1
[2025-08-21 03:36:00] User: 1 - Page: /cursosj/solicitud_cursos - IP: ::1
[2025-08-21 03:38:16] User: 1 - Page: /cursosj/ - IP: ::1
[2025-08-21 03:38:16] User: 1 - Page: /cursosj/inicio - IP: ::1
[2025-08-21 03:38:19] User: 1 - Page: /cursosj/solicitud_cursos - IP: ::1
[2025-08-21 03:39:29] User: 1 - Page: /cursosj/ - IP: ::1
[2025-08-21 03:39:29] User: 1 - Page: /cursosj/inicio - IP: ::1
[2025-08-21 03:39:30] User: 1 - Page: /cursosj/solicitud_cursos - IP: ::1
[2025-08-21 03:39:31] User: 1 - Page: /cursosj/ - IP: ::1
[2025-08-21 03:39:31] User: 1 - Page: /cursosj/inicio - IP: ::1
[2025-08-21 03:39:34] User: 1 - Page: /cursosj/infosolicitada - IP: ::1
[2025-08-21 03:42:20] User: 1 - Page: /cursosj/ - IP: ::1
[2025-08-21 03:42:20] User: 1 - Page: /cursosj/inicio - IP: ::1
[2025-08-21 03:42:21] User: 1 - Page: /cursosj/solicitud_cursos - IP: ::1
[2025-08-21 03:56:47] User: 1 - Page: /cursosj/ - IP: ::1
[2025-08-21 03:56:47] User: 1 - Page: /cursosj/inicio - IP: ::1
[2025-08-21 03:56:49] User: 1 - Page: /cursosj/solicitud_cursos - IP: ::1
[2025-08-21 03:58:25] User: 1 - Page: /cursosj/ - IP: ::1
[2025-08-21 03:58:25] User: 1 - Page: /cursosj/inicio - IP: ::1
[2025-08-21 03:58:35] User: 1 - Page: /cursosj/solicitud_cursos - IP: ::1
[2025-08-21 03:59:33] User: 1 - Page: /cursosj/juan - IP: ::1
[2025-08-21 03:59:33] User: 1 - Page: /cursosj/ayuda - IP: ::1
[2025-08-21 03:59:39] User: 1 - Page: /cursosj/consultas_cliente - IP: ::1
[2025-08-21 03:59:41] User: 1 - Page: /cursosj/reclamaciones - IP: ::1
[2025-08-21 03:59:42] User: 1 - Page: /cursosj/consultas_cliente - IP: ::1
[2025-08-21 03:59:43] User: 1 - Page: /cursosj/infosolicitada - IP: ::1
[2025-08-21 03:59:44] User: 1 - Page: /cursosj/solicitud_cursos - IP: ::1
[2025-08-21 03:59:52] User: 1 - Page: /cursosj/usuario - IP: ::1
[2025-08-21 03:59:53] User: 1 - Page: /cursosj/estudiante - IP: ::1
[2025-08-21 03:59:54] User: 1 - Page: /cursosj/usuario - IP: ::1
[2025-08-21 04:00:01] User: 1 - Page: /cursosj/curso - IP: ::1
[2025-08-21 04:00:02] User: 1 - Page: /cursosj/examen - IP: ::1
[2025-08-21 04:00:04] User: 1 - Page: /cursosj/detalles_curssos - IP: ::1
[2025-08-21 04:00:25] User: 1 - Page: /cursosj/detalles_curssos - IP: ::1
[2025-08-21 04:00:33] User: 1 - Page: /cursosj/solicitud_cursos - IP: ::1
[2025-08-21 04:00:36] User: 1 - Page: /cursosj/estudiante - IP: ::1
[2025-08-21 04:00:38] User: 1 - Page: /cursosj/usuario - IP: ::1
[2025-08-21 04:00:40] User: 1 - Page: /cursosj/usuario - IP: ::1
[2025-08-21 04:00:41] User: 1 - Page: /cursosj/usuario - IP: ::1
[2025-08-21 04:00:45] User: 1 - Page: /cursosj/inicios - IP: ::1
[2025-08-21 04:00:51] User: 1 - Page: /cursosj/nosotro - IP: ::1
[2025-08-21 04:51:15] User: 1 - Page: /cursosj/administrador/ - IP: ::1
[2025-08-21 04:51:15] User: 1 - Page: /cursosj/administrador/inicio - IP: ::1
[2025-08-21 04:51:28] User: 1 - Page: /cursosj/administrador/infosolicitada - IP: ::1
[2025-08-21 04:51:29] User: 1 - Page: /cursosj/administrador/salir.php - IP: ::1
[2025-08-21 04:51:29] User: 1 - Page: /cursosj/administrador/ayuda - IP: ::1
[2025-08-21 04:53:28] User: 1 - Page: /cursosj/administrador/ayuda - IP: ::1
[2025-08-21 04:53:30] User: 1 - Page: /cursosj/administrador/infosolicitada - IP: ::1
[2025-08-21 04:53:32] User: 1 - Page: /cursosj/administrador/salir.php - IP: ::1
[2025-08-21 04:53:32] User: 1 - Page: /cursosj/administrador/ayuda - IP: ::1
[2025-08-21 04:53:38] User: 1 - Page: /cursosj/administrador/salir.php - IP: ::1
[2025-08-21 04:53:38] User: 1 - Page: /cursosj/administrador/ayuda - IP: ::1
[2025-08-21 04:53:42] User: 1 - Page: /cursosj/administrador/salir.php - IP: ::1
[2025-08-21 04:53:42] User: 1 - Page: /cursosj/administrador/ayuda - IP: ::1
[2025-08-21 04:54:15] User: 1 - Page: /cursosj/administrador/ - IP: ::1
[2025-08-21 04:54:15] User: 1 - Page: /cursosj/administrador/inicio - IP: ::1
[2025-08-21 04:54:19] User: 1 - Page: /cursosj/administrador/solicitud_cursos - IP: ::1
[2025-08-21 04:54:20] User: 1 - Page: /cursosj/administrador/usuario - IP: ::1
[2025-08-21 04:54:22] User: 1 - Page: /cursosj/administrador/estudiante - IP: ::1
[2025-08-21 04:54:24] User: 1 - Page: /cursosj/administrador/usuario - IP: ::1
[2025-08-21 04:54:25] User: 1 - Page: /cursosj/administrador/reclamaciones - IP: ::1
[2025-08-21 04:54:27] User: 1 - Page: /cursosj/administrador/curso - IP: ::1
[2025-08-21 04:56:32] User: 1 - Page: /cursosj/administrador/curso - IP: ::1
[2025-08-21 04:56:36] User: 1 - Page: /cursosj/administrador/usuario - IP: ::1
[2025-08-21 04:58:57] User: 1 - Page: /cursosj/administrador/curso - IP: ::1
[2025-08-21 04:59:05] User: 1 - Page: /cursosj/administrador/inicios - IP: ::1
[2025-08-21 05:02:56] User: 1 - Page: /cursosj/administrador/inicios - IP: ::1
[2025-08-21 05:02:57] User: 1 - Page: /cursosj/administrador/inicios - IP: ::1
[2025-08-21 05:02:57] User: 1 - Page: /cursosj/administrador/inicios - IP: ::1
[2025-08-21 05:02:57] User: 1 - Page: /cursosj/administrador/inicios - IP: ::1
[2025-08-21 05:02:57] User: 1 - Page: /cursosj/administrador/inicios - IP: ::1
[2025-08-21 05:02:58] User: 1 - Page: /cursosj/administrador/inicios - IP: ::1
[2025-08-21 05:02:58] User: 1 - Page: /cursosj/administrador/inicios - IP: ::1
[2025-08-21 05:02:58] User: 1 - Page: /cursosj/administrador/inicios - IP: ::1
[2025-08-21 05:02:58] User: 1 - Page: /cursosj/administrador/inicios - IP: ::1
[2025-08-21 05:04:19] User: 1 - Page: /cursosj/administrador/ - IP: ::1
[2025-08-21 05:04:19] User: 1 - Page: /cursosj/administrador/inicio - IP: ::1
[2025-08-21 05:05:31] User: 1 - Page: /cursosj/administrador/inicio - IP: ::1
[2025-08-21 05:05:32] User: 1 - Page: /cursosj/administrador/inicio - IP: ::1
[2025-08-21 05:06:24] User: 1 - Page: /cursosj/administrador/solicitud_cursos - IP: ::1
[2025-08-21 05:06:28] User: 1 - Page: /cursosj/administrador/infosolicitada - IP: ::1
[2025-08-21 05:06:28] User: 1 - Page: /cursosj/administrador/consultas_cliente - IP: ::1
[2025-08-21 05:06:33] User: 1 - Page: /cursosj/administrador/inicios - IP: ::1
[2025-08-21 05:15:50] User: 1 - Page: /cursosj/administrador/inicios - IP: ::1
